Warning[203] X:\GITHUB\CHARMBIX-LBYEC3L-LAB3\EXPERIMENT 3\MPLAB\EXERCISE 3\EXERCISE3.ASM 2 : Found opcode in column 1. (BSF)
Warning[203] X:\GITHUB\CHARMBIX-LBYEC3L-LAB3\EXPERIMENT 3\MPLAB\EXERCISE 3\EXERCISE3.ASM 3 : Found opcode in column 1. (MOVLW)
Warning[203] X:\GITHUB\CHARMBIX-LBYEC3L-LAB3\EXPERIMENT 3\MPLAB\EXERCISE 3\EXERCISE3.ASM 4 : Found opcode in column 1. (MOVWF)
Message[302] X:\GITHUB\CHARMBIX-LBYEC3L-LAB3\EXPERIMENT 3\MPLAB\EXERCISE 3\EXERCISE3.ASM 4 : Register in operand not in bank 0.  Ensure that bank bits are correct.
Warning[203] X:\GITHUB\CHARMBIX-LBYEC3L-LAB3\EXPERIMENT 3\MPLAB\EXERCISE 3\EXERCISE3.ASM 5 : Found opcode in column 1. (BCF)
Warning[203] X:\GITHUB\CHARMBIX-LBYEC3L-LAB3\EXPERIMENT 3\MPLAB\EXERCISE 3\EXERCISE3.ASM 6 : Found opcode in column 1. (goto)
Warning[203] X:\GITHUB\CHARMBIX-LBYEC3L-LAB3\EXPERIMENT 3\MPLAB\EXERCISE 3\EXERCISE3.ASM 10 : Found opcode in column 1. (CALL)
Warning[203] X:\GITHUB\CHARMBIX-LBYEC3L-LAB3\EXPERIMENT 3\MPLAB\EXERCISE 3\EXERCISE3.ASM 11 : Found opcode in column 1. (CALL)
Warning[203] X:\GITHUB\CHARMBIX-LBYEC3L-LAB3\EXPERIMENT 3\MPLAB\EXERCISE 3\EXERCISE3.ASM 12 : Found opcode in column 1. (CALL)
Warning[203] X:\GITHUB\CHARMBIX-LBYEC3L-LAB3\EXPERIMENT 3\MPLAB\EXERCISE 3\EXERCISE3.ASM 13 : Found opcode in column 1. (CALL)
Warning[203] X:\GITHUB\CHARMBIX-LBYEC3L-LAB3\EXPERIMENT 3\MPLAB\EXERCISE 3\EXERCISE3.ASM 14 : Found opcode in column 1. (CALL)
Warning[203] X:\GITHUB\CHARMBIX-LBYEC3L-LAB3\EXPERIMENT 3\MPLAB\EXERCISE 3\EXERCISE3.ASM 15 : Found opcode in column 1. (CALL)
Warning[203] X:\GITHUB\CHARMBIX-LBYEC3L-LAB3\EXPERIMENT 3\MPLAB\EXERCISE 3\EXERCISE3.ASM 16 : Found opcode in column 1. (CALL)
Warning[203] X:\GITHUB\CHARMBIX-LBYEC3L-LAB3\EXPERIMENT 3\MPLAB\EXERCISE 3\EXERCISE3.ASM 17 : Found opcode in column 1. (CALL)
Warning[203] X:\GITHUB\CHARMBIX-LBYEC3L-LAB3\EXPERIMENT 3\MPLAB\EXERCISE 3\EXERCISE3.ASM 18 : Found opcode in column 1. (CALL)
Warning[203] X:\GITHUB\CHARMBIX-LBYEC3L-LAB3\EXPERIMENT 3\MPLAB\EXERCISE 3\EXERCISE3.ASM 19 : Found opcode in column 1. (CALL)
Warning[203] X:\GITHUB\CHARMBIX-LBYEC3L-LAB3\EXPERIMENT 3\MPLAB\EXERCISE 3\EXERCISE3.ASM 20 : Found opcode in column 1. (CALL)
Warning[203] X:\GITHUB\CHARMBIX-LBYEC3L-LAB3\EXPERIMENT 3\MPLAB\EXERCISE 3\EXERCISE3.ASM 21 : Found opcode in column 1. (CALL)
Warning[203] X:\GITHUB\CHARMBIX-LBYEC3L-LAB3\EXPERIMENT 3\MPLAB\EXERCISE 3\EXERCISE3.ASM 22 : Found opcode in column 1. (CALL)
Warning[203] X:\GITHUB\CHARMBIX-LBYEC3L-LAB3\EXPERIMENT 3\MPLAB\EXERCISE 3\EXERCISE3.ASM 23 : Found opcode in column 1. (CALL)
Warning[203] X:\GITHUB\CHARMBIX-LBYEC3L-LAB3\EXPERIMENT 3\MPLAB\EXERCISE 3\EXERCISE3.ASM 24 : Found opcode in column 1. (CALL)
Warning[203] X:\GITHUB\CHARMBIX-LBYEC3L-LAB3\EXPERIMENT 3\MPLAB\EXERCISE 3\EXERCISE3.ASM 25 : Found opcode in column 1. (CALL)
Warning[203] X:\GITHUB\CHARMBIX-LBYEC3L-LAB3\EXPERIMENT 3\MPLAB\EXERCISE 3\EXERCISE3.ASM 26 : Found opcode in column 1. (CALL)
Warning[203] X:\GITHUB\CHARMBIX-LBYEC3L-LAB3\EXPERIMENT 3\MPLAB\EXERCISE 3\EXERCISE3.ASM 27 : Found opcode in column 1. (CALL)
Warning[203] X:\GITHUB\CHARMBIX-LBYEC3L-LAB3\EXPERIMENT 3\MPLAB\EXERCISE 3\EXERCISE3.ASM 28 : Found opcode in column 1. (CALL)
Warning[203] X:\GITHUB\CHARMBIX-LBYEC3L-LAB3\EXPERIMENT 3\MPLAB\EXERCISE 3\EXERCISE3.ASM 29 : Found opcode in column 1. (CALL)
Warning[203] X:\GITHUB\CHARMBIX-LBYEC3L-LAB3\EXPERIMENT 3\MPLAB\EXERCISE 3\EXERCISE3.ASM 30 : Found opcode in column 1. (CALL)
Warning[203] X:\GITHUB\CHARMBIX-LBYEC3L-LAB3\EXPERIMENT 3\MPLAB\EXERCISE 3\EXERCISE3.ASM 31 : Found opcode in column 1. (CALL)
Warning[203] X:\GITHUB\CHARMBIX-LBYEC3L-LAB3\EXPERIMENT 3\MPLAB\EXERCISE 3\EXERCISE3.ASM 32 : Found opcode in column 1. (CALL)
Warning[203] X:\GITHUB\CHARMBIX-LBYEC3L-LAB3\EXPERIMENT 3\MPLAB\EXERCISE 3\EXERCISE3.ASM 33 : Found opcode in column 1. (CALL)
Warning[203] X:\GITHUB\CHARMBIX-LBYEC3L-LAB3\EXPERIMENT 3\MPLAB\EXERCISE 3\EXERCISE3.ASM 34 : Found opcode in column 1. (CALL)
Warning[203] X:\GITHUB\CHARMBIX-LBYEC3L-LAB3\EXPERIMENT 3\MPLAB\EXERCISE 3\EXERCISE3.ASM 35 : Found opcode in column 1. (CALL)
Warning[203] X:\GITHUB\CHARMBIX-LBYEC3L-LAB3\EXPERIMENT 3\MPLAB\EXERCISE 3\EXERCISE3.ASM 36 : Found opcode in column 1. (CALL)
Warning[203] X:\GITHUB\CHARMBIX-LBYEC3L-LAB3\EXPERIMENT 3\MPLAB\EXERCISE 3\EXERCISE3.ASM 37 : Found opcode in column 1. (CALL)
Warning[203] X:\GITHUB\CHARMBIX-LBYEC3L-LAB3\EXPERIMENT 3\MPLAB\EXERCISE 3\EXERCISE3.ASM 38 : Found opcode in column 1. (CALL)
Warning[203] X:\GITHUB\CHARMBIX-LBYEC3L-LAB3\EXPERIMENT 3\MPLAB\EXERCISE 3\EXERCISE3.ASM 39 : Found opcode in column 1. (CALL)
Warning[203] X:\GITHUB\CHARMBIX-LBYEC3L-LAB3\EXPERIMENT 3\MPLAB\EXERCISE 3\EXERCISE3.ASM 40 : Found opcode in column 1. (CALL)
Warning[203] X:\GITHUB\CHARMBIX-LBYEC3L-LAB3\EXPERIMENT 3\MPLAB\EXERCISE 3\EXERCISE3.ASM 41 : Found opcode in column 1. (CALL)
Warning[203] X:\GITHUB\CHARMBIX-LBYEC3L-LAB3\EXPERIMENT 3\MPLAB\EXERCISE 3\EXERCISE3.ASM 42 : Found opcode in column 1. (return)
Warning[203] X:\GITHUB\CHARMBIX-LBYEC3L-LAB3\EXPERIMENT 3\MPLAB\EXERCISE 3\EXERCISE3.ASM 46 : Found opcode in column 1. (CALL)
Warning[203] X:\GITHUB\CHARMBIX-LBYEC3L-LAB3\EXPERIMENT 3\MPLAB\EXERCISE 3\EXERCISE3.ASM 47 : Found opcode in column 1. (CALL)
Warning[203] X:\GITHUB\CHARMBIX-LBYEC3L-LAB3\EXPERIMENT 3\MPLAB\EXERCISE 3\EXERCISE3.ASM 48 : Found opcode in column 1. (CALL)
Warning[203] X:\GITHUB\CHARMBIX-LBYEC3L-LAB3\EXPERIMENT 3\MPLAB\EXERCISE 3\EXERCISE3.ASM 49 : Found opcode in column 1. (CALL)
Warning[203] X:\GITHUB\CHARMBIX-LBYEC3L-LAB3\EXPERIMENT 3\MPLAB\EXERCISE 3\EXERCISE3.ASM 50 : Found opcode in column 1. (CALL)
Warning[203] X:\GITHUB\CHARMBIX-LBYEC3L-LAB3\EXPERIMENT 3\MPLAB\EXERCISE 3\EXERCISE3.ASM 51 : Found opcode in column 1. (CALL)
Warning[203] X:\GITHUB\CHARMBIX-LBYEC3L-LAB3\EXPERIMENT 3\MPLAB\EXERCISE 3\EXERCISE3.ASM 52 : Found opcode in column 1. (CALL)
Warning[203] X:\GITHUB\CHARMBIX-LBYEC3L-LAB3\EXPERIMENT 3\MPLAB\EXERCISE 3\EXERCISE3.ASM 53 : Found opcode in column 1. (CALL)
Warning[203] X:\GITHUB\CHARMBIX-LBYEC3L-LAB3\EXPERIMENT 3\MPLAB\EXERCISE 3\EXERCISE3.ASM 54 : Found opcode in column 1. (CALL)
Warning[203] X:\GITHUB\CHARMBIX-LBYEC3L-LAB3\EXPERIMENT 3\MPLAB\EXERCISE 3\EXERCISE3.ASM 55 : Found opcode in column 1. (CALL)
Warning[203] X:\GITHUB\CHARMBIX-LBYEC3L-LAB3\EXPERIMENT 3\MPLAB\EXERCISE 3\EXERCISE3.ASM 56 : Found opcode in column 1. (CALL)
Warning[203] X:\GITHUB\CHARMBIX-LBYEC3L-LAB3\EXPERIMENT 3\MPLAB\EXERCISE 3\EXERCISE3.ASM 57 : Found opcode in column 1. (CALL)
Warning[203] X:\GITHUB\CHARMBIX-LBYEC3L-LAB3\EXPERIMENT 3\MPLAB\EXERCISE 3\EXERCISE3.ASM 58 : Found opcode in column 1. (CALL)
Warning[203] X:\GITHUB\CHARMBIX-LBYEC3L-LAB3\EXPERIMENT 3\MPLAB\EXERCISE 3\EXERCISE3.ASM 59 : Found opcode in column 1. (CALL)
Warning[203] X:\GITHUB\CHARMBIX-LBYEC3L-LAB3\EXPERIMENT 3\MPLAB\EXERCISE 3\EXERCISE3.ASM 60 : Found opcode in column 1. (CALL)
Warning[203] X:\GITHUB\CHARMBIX-LBYEC3L-LAB3\EXPERIMENT 3\MPLAB\EXERCISE 3\EXERCISE3.ASM 61 : Found opcode in column 1. (CALL)
Warning[203] X:\GITHUB\CHARMBIX-LBYEC3L-LAB3\EXPERIMENT 3\MPLAB\EXERCISE 3\EXERCISE3.ASM 62 : Found opcode in column 1. (CALL)
Warning[203] X:\GITHUB\CHARMBIX-LBYEC3L-LAB3\EXPERIMENT 3\MPLAB\EXERCISE 3\EXERCISE3.ASM 63 : Found opcode in column 1. (CALL)
Warning[203] X:\GITHUB\CHARMBIX-LBYEC3L-LAB3\EXPERIMENT 3\MPLAB\EXERCISE 3\EXERCISE3.ASM 64 : Found opcode in column 1. (CALL)
Warning[203] X:\GITHUB\CHARMBIX-LBYEC3L-LAB3\EXPERIMENT 3\MPLAB\EXERCISE 3\EXERCISE3.ASM 65 : Found opcode in column 1. (CALL)
Warning[203] X:\GITHUB\CHARMBIX-LBYEC3L-LAB3\EXPERIMENT 3\MPLAB\EXERCISE 3\EXERCISE3.ASM 66 : Found opcode in column 1. (CALL)
Warning[203] X:\GITHUB\CHARMBIX-LBYEC3L-LAB3\EXPERIMENT 3\MPLAB\EXERCISE 3\EXERCISE3.ASM 67 : Found opcode in column 1. (CALL)
Warning[203] X:\GITHUB\CHARMBIX-LBYEC3L-LAB3\EXPERIMENT 3\MPLAB\EXERCISE 3\EXERCISE3.ASM 68 : Found opcode in column 1. (CALL)
Warning[203] X:\GITHUB\CHARMBIX-LBYEC3L-LAB3\EXPERIMENT 3\MPLAB\EXERCISE 3\EXERCISE3.ASM 69 : Found opcode in column 1. (CALL)
Warning[203] X:\GITHUB\CHARMBIX-LBYEC3L-LAB3\EXPERIMENT 3\MPLAB\EXERCISE 3\EXERCISE3.ASM 70 : Found opcode in column 1. (CALL)
Warning[203] X:\GITHUB\CHARMBIX-LBYEC3L-LAB3\EXPERIMENT 3\MPLAB\EXERCISE 3\EXERCISE3.ASM 71 : Found opcode in column 1. (CALL)
Warning[203] X:\GITHUB\CHARMBIX-LBYEC3L-LAB3\EXPERIMENT 3\MPLAB\EXERCISE 3\EXERCISE3.ASM 72 : Found opcode in column 1. (CALL)
Warning[203] X:\GITHUB\CHARMBIX-LBYEC3L-LAB3\EXPERIMENT 3\MPLAB\EXERCISE 3\EXERCISE3.ASM 73 : Found opcode in column 1. (CALL)
Warning[203] X:\GITHUB\CHARMBIX-LBYEC3L-LAB3\EXPERIMENT 3\MPLAB\EXERCISE 3\EXERCISE3.ASM 74 : Found opcode in column 1. (CALL)
Warning[203] X:\GITHUB\CHARMBIX-LBYEC3L-LAB3\EXPERIMENT 3\MPLAB\EXERCISE 3\EXERCISE3.ASM 75 : Found opcode in column 1. (CALL)
Warning[203] X:\GITHUB\CHARMBIX-LBYEC3L-LAB3\EXPERIMENT 3\MPLAB\EXERCISE 3\EXERCISE3.ASM 76 : Found opcode in column 1. (CALL)
Warning[203] X:\GITHUB\CHARMBIX-LBYEC3L-LAB3\EXPERIMENT 3\MPLAB\EXERCISE 3\EXERCISE3.ASM 77 : Found opcode in column 1. (CALL)
Warning[203] X:\GITHUB\CHARMBIX-LBYEC3L-LAB3\EXPERIMENT 3\MPLAB\EXERCISE 3\EXERCISE3.ASM 78 : Found opcode in column 1. (return)
Warning[203] X:\GITHUB\CHARMBIX-LBYEC3L-LAB3\EXPERIMENT 3\MPLAB\EXERCISE 3\EXERCISE3.ASM 82 : Found opcode in column 1. (MOVLW)
Warning[203] X:\GITHUB\CHARMBIX-LBYEC3L-LAB3\EXPERIMENT 3\MPLAB\EXERCISE 3\EXERCISE3.ASM 83 : Found opcode in column 1. (MOVWF)
Warning[207] X:\GITHUB\CHARMBIX-LBYEC3L-LAB3\EXPERIMENT 3\MPLAB\EXERCISE 3\EXERCISE3.ASM 84 : Found label after column 1. (loop_1)
Warning[207] X:\GITHUB\CHARMBIX-LBYEC3L-LAB3\EXPERIMENT 3\MPLAB\EXERCISE 3\EXERCISE3.ASM 88 : Found label after column 1. (delay_plus)
Warning[207] X:\GITHUB\CHARMBIX-LBYEC3L-LAB3\EXPERIMENT 3\MPLAB\EXERCISE 3\EXERCISE3.ASM 91 : Found label after column 1. (loop_2)
Warning[207] X:\GITHUB\CHARMBIX-LBYEC3L-LAB3\EXPERIMENT 3\MPLAB\EXERCISE 3\EXERCISE3.ASM 95 : Found label after column 1. (delay_plus_plus)
Warning[207] X:\GITHUB\CHARMBIX-LBYEC3L-LAB3\EXPERIMENT 3\MPLAB\EXERCISE 3\EXERCISE3.ASM 98 : Found label after column 1. (loop_3)
Warning[203] X:\GITHUB\CHARMBIX-LBYEC3L-LAB3\EXPERIMENT 3\MPLAB\EXERCISE 3\EXERCISE3.ASM 106 : Found opcode in column 1. (MOVLW)
Warning[203] X:\GITHUB\CHARMBIX-LBYEC3L-LAB3\EXPERIMENT 3\MPLAB\EXERCISE 3\EXERCISE3.ASM 107 : Found opcode in column 1. (MOVWF)
Warning[203] X:\GITHUB\CHARMBIX-LBYEC3L-LAB3\EXPERIMENT 3\MPLAB\EXERCISE 3\EXERCISE3.ASM 108 : Found opcode in column 1. (return)
Warning[203] X:\GITHUB\CHARMBIX-LBYEC3L-LAB3\EXPERIMENT 3\MPLAB\EXERCISE 3\EXERCISE3.ASM 111 : Found opcode in column 1. (MOVLW)
Warning[203] X:\GITHUB\CHARMBIX-LBYEC3L-LAB3\EXPERIMENT 3\MPLAB\EXERCISE 3\EXERCISE3.ASM 112 : Found opcode in column 1. (MOVWF)
Warning[203] X:\GITHUB\CHARMBIX-LBYEC3L-LAB3\EXPERIMENT 3\MPLAB\EXERCISE 3\EXERCISE3.ASM 113 : Found opcode in column 1. (return)
Warning[203] X:\GITHUB\CHARMBIX-LBYEC3L-LAB3\EXPERIMENT 3\MPLAB\EXERCISE 3\EXERCISE3.ASM 116 : Found opcode in column 1. (MOVLW)
Warning[203] X:\GITHUB\CHARMBIX-LBYEC3L-LAB3\EXPERIMENT 3\MPLAB\EXERCISE 3\EXERCISE3.ASM 117 : Found opcode in column 1. (MOVWF)
Warning[203] X:\GITHUB\CHARMBIX-LBYEC3L-LAB3\EXPERIMENT 3\MPLAB\EXERCISE 3\EXERCISE3.ASM 118 : Found opcode in column 1. (return)
Warning[203] X:\GITHUB\CHARMBIX-LBYEC3L-LAB3\EXPERIMENT 3\MPLAB\EXERCISE 3\EXERCISE3.ASM 121 : Found opcode in column 1. (MOVLW)
Warning[203] X:\GITHUB\CHARMBIX-LBYEC3L-LAB3\EXPERIMENT 3\MPLAB\EXERCISE 3\EXERCISE3.ASM 122 : Found opcode in column 1. (MOVWF)
Warning[203] X:\GITHUB\CHARMBIX-LBYEC3L-LAB3\EXPERIMENT 3\MPLAB\EXERCISE 3\EXERCISE3.ASM 123 : Found opcode in column 1. (return)
Warning[203] X:\GITHUB\CHARMBIX-LBYEC3L-LAB3\EXPERIMENT 3\MPLAB\EXERCISE 3\EXERCISE3.ASM 126 : Found opcode in column 1. (MOVLW)
Warning[203] X:\GITHUB\CHARMBIX-LBYEC3L-LAB3\EXPERIMENT 3\MPLAB\EXERCISE 3\EXERCISE3.ASM 127 : Found opcode in column 1. (MOVWF)
Warning[203] X:\GITHUB\CHARMBIX-LBYEC3L-LAB3\EXPERIMENT 3\MPLAB\EXERCISE 3\EXERCISE3.ASM 128 : Found opcode in column 1. (return)
Warning[203] X:\GITHUB\CHARMBIX-LBYEC3L-LAB3\EXPERIMENT 3\MPLAB\EXERCISE 3\EXERCISE3.ASM 131 : Found opcode in column 1. (MOVLW)
Warning[203] X:\GITHUB\CHARMBIX-LBYEC3L-LAB3\EXPERIMENT 3\MPLAB\EXERCISE 3\EXERCISE3.ASM 132 : Found opcode in column 1. (MOVWF)
Warning[203] X:\GITHUB\CHARMBIX-LBYEC3L-LAB3\EXPERIMENT 3\MPLAB\EXERCISE 3\EXERCISE3.ASM 133 : Found opcode in column 1. (return)
Warning[203] X:\GITHUB\CHARMBIX-LBYEC3L-LAB3\EXPERIMENT 3\MPLAB\EXERCISE 3\EXERCISE3.ASM 136 : Found opcode in column 1. (MOVLW)
Warning[203] X:\GITHUB\CHARMBIX-LBYEC3L-LAB3\EXPERIMENT 3\MPLAB\EXERCISE 3\EXERCISE3.ASM 137 : Found opcode in column 1. (MOVWF)
Warning[203] X:\GITHUB\CHARMBIX-LBYEC3L-LAB3\EXPERIMENT 3\MPLAB\EXERCISE 3\EXERCISE3.ASM 138 : Found opcode in column 1. (return)
Warning[203] X:\GITHUB\CHARMBIX-LBYEC3L-LAB3\EXPERIMENT 3\MPLAB\EXERCISE 3\EXERCISE3.ASM 141 : Found opcode in column 1. (MOVLW)
Warning[203] X:\GITHUB\CHARMBIX-LBYEC3L-LAB3\EXPERIMENT 3\MPLAB\EXERCISE 3\EXERCISE3.ASM 142 : Found opcode in column 1. (MOVWF)
Warning[203] X:\GITHUB\CHARMBIX-LBYEC3L-LAB3\EXPERIMENT 3\MPLAB\EXERCISE 3\EXERCISE3.ASM 143 : Found opcode in column 1. (return)
Warning[203] X:\GITHUB\CHARMBIX-LBYEC3L-LAB3\EXPERIMENT 3\MPLAB\EXERCISE 3\EXERCISE3.ASM 146 : Found opcode in column 1. (MOVLW)
Warning[203] X:\GITHUB\CHARMBIX-LBYEC3L-LAB3\EXPERIMENT 3\MPLAB\EXERCISE 3\EXERCISE3.ASM 147 : Found opcode in column 1. (MOVWF)
Warning[203] X:\GITHUB\CHARMBIX-LBYEC3L-LAB3\EXPERIMENT 3\MPLAB\EXERCISE 3\EXERCISE3.ASM 148 : Found opcode in column 1. (return)
Warning[203] X:\GITHUB\CHARMBIX-LBYEC3L-LAB3\EXPERIMENT 3\MPLAB\EXERCISE 3\EXERCISE3.ASM 151 : Found opcode in column 1. (MOVLW)
Warning[203] X:\GITHUB\CHARMBIX-LBYEC3L-LAB3\EXPERIMENT 3\MPLAB\EXERCISE 3\EXERCISE3.ASM 152 : Found opcode in column 1. (MOVWF)
Warning[203] X:\GITHUB\CHARMBIX-LBYEC3L-LAB3\EXPERIMENT 3\MPLAB\EXERCISE 3\EXERCISE3.ASM 153 : Found opcode in column 1. (return)
Warning[203] X:\GITHUB\CHARMBIX-LBYEC3L-LAB3\EXPERIMENT 3\MPLAB\EXERCISE 3\EXERCISE3.ASM 156 : Found opcode in column 1. (MOVLW)
Warning[203] X:\GITHUB\CHARMBIX-LBYEC3L-LAB3\EXPERIMENT 3\MPLAB\EXERCISE 3\EXERCISE3.ASM 157 : Found opcode in column 1. (MOVWF)
Warning[203] X:\GITHUB\CHARMBIX-LBYEC3L-LAB3\EXPERIMENT 3\MPLAB\EXERCISE 3\EXERCISE3.ASM 158 : Found opcode in column 1. (return)
Warning[203] X:\GITHUB\CHARMBIX-LBYEC3L-LAB3\EXPERIMENT 3\MPLAB\EXERCISE 3\EXERCISE3.ASM 161 : Found opcode in column 1. (MOVLW)
Warning[203] X:\GITHUB\CHARMBIX-LBYEC3L-LAB3\EXPERIMENT 3\MPLAB\EXERCISE 3\EXERCISE3.ASM 162 : Found opcode in column 1. (MOVWF)
Warning[203] X:\GITHUB\CHARMBIX-LBYEC3L-LAB3\EXPERIMENT 3\MPLAB\EXERCISE 3\EXERCISE3.ASM 163 : Found opcode in column 1. (return)
Warning[203] X:\GITHUB\CHARMBIX-LBYEC3L-LAB3\EXPERIMENT 3\MPLAB\EXERCISE 3\EXERCISE3.ASM 166 : Found opcode in column 1. (MOVLW)
Warning[203] X:\GITHUB\CHARMBIX-LBYEC3L-LAB3\EXPERIMENT 3\MPLAB\EXERCISE 3\EXERCISE3.ASM 167 : Found opcode in column 1. (MOVWF)
Warning[203] X:\GITHUB\CHARMBIX-LBYEC3L-LAB3\EXPERIMENT 3\MPLAB\EXERCISE 3\EXERCISE3.ASM 168 : Found opcode in column 1. (return)
Warning[203] X:\GITHUB\CHARMBIX-LBYEC3L-LAB3\EXPERIMENT 3\MPLAB\EXERCISE 3\EXERCISE3.ASM 171 : Found opcode in column 1. (MOVLW)
Warning[203] X:\GITHUB\CHARMBIX-LBYEC3L-LAB3\EXPERIMENT 3\MPLAB\EXERCISE 3\EXERCISE3.ASM 172 : Found opcode in column 1. (MOVWF)
Warning[203] X:\GITHUB\CHARMBIX-LBYEC3L-LAB3\EXPERIMENT 3\MPLAB\EXERCISE 3\EXERCISE3.ASM 173 : Found opcode in column 1. (return)
Warning[203] X:\GITHUB\CHARMBIX-LBYEC3L-LAB3\EXPERIMENT 3\MPLAB\EXERCISE 3\EXERCISE3.ASM 176 : Found opcode in column 1. (MOVLW)
Warning[203] X:\GITHUB\CHARMBIX-LBYEC3L-LAB3\EXPERIMENT 3\MPLAB\EXERCISE 3\EXERCISE3.ASM 177 : Found opcode in column 1. (MOVWF)
Warning[203] X:\GITHUB\CHARMBIX-LBYEC3L-LAB3\EXPERIMENT 3\MPLAB\EXERCISE 3\EXERCISE3.ASM 178 : Found opcode in column 1. (return)
Warning[203] X:\GITHUB\CHARMBIX-LBYEC3L-LAB3\EXPERIMENT 3\MPLAB\EXERCISE 3\EXERCISE3.ASM 181 : Found opcode in column 1. (MOVLW)
Warning[203] X:\GITHUB\CHARMBIX-LBYEC3L-LAB3\EXPERIMENT 3\MPLAB\EXERCISE 3\EXERCISE3.ASM 182 : Found opcode in column 1. (MOVWF)
Warning[203] X:\GITHUB\CHARMBIX-LBYEC3L-LAB3\EXPERIMENT 3\MPLAB\EXERCISE 3\EXERCISE3.ASM 183 : Found opcode in column 1. (return)
Warning[203] X:\GITHUB\CHARMBIX-LBYEC3L-LAB3\EXPERIMENT 3\MPLAB\EXERCISE 3\EXERCISE3.ASM 187 : Found opcode in column 1. (CALL)
Warning[203] X:\GITHUB\CHARMBIX-LBYEC3L-LAB3\EXPERIMENT 3\MPLAB\EXERCISE 3\EXERCISE3.ASM 188 : Found opcode in column 1. (CALL)
Warning[205] X:\GITHUB\CHARMBIX-LBYEC3L-LAB3\EXPERIMENT 3\MPLAB\EXERCISE 3\EXERCISE3.ASM 190 : Found directive in column 1. (END)
